<?xml version="1.0" encoding="UTF-8"?>
<robot generator="Robot 7.2.2 (Python 3.12.0 on win32)" generated="2025-05-02T16:54:05.003045" rpa="false" schemaversion="5">
<suite id="s1" name="Test Servicenow" source="C:\Users\geams\OneDrive\Bureau\ProjetAlten\tests\test_servicenow.robot">
<kw name="Ouvrir le navigateur ServiceNow" owner="servicenow_keywords" type="SETUP">
<kw name="Open Browser" owner="SeleniumLibrary">
<msg time="2025-05-02T16:54:05.517007" level="INFO">Opening browser 'chrome' to base url 'https://bouyguestelecomltt3.service-now.com/'.</msg>
<msg time="2025-05-02T16:54:06.204188" level="WARN">The chromedriver version (135.0.7049.95) detected in PATH at chromedriver.EXE might not be compatible with the detected chrome version (136.0.7103.48); currently, chromedriver 136.0.7103.49 is recommended for chrome 136.*, so it is advised to delete the driver in PATH and retry</msg>
<arg>${SERVICENOW_URL}</arg>
<arg>${BROWSER}</arg>
<doc>Opens a new browser instance to the optional ``url``.</doc>
<status status="PASS" start="2025-05-02T16:54:05.517007" elapsed="3.446429"/>
</kw>
<kw name="Maximize Browser Window" owner="SeleniumLibrary">
<doc>Maximizes current browser window.</doc>
<status status="PASS" start="2025-05-02T16:54:08.964436" elapsed="0.062142"/>
</kw>
<status status="PASS" start="2025-05-02T16:54:05.516013" elapsed="3.510565"/>
</kw>
<test id="s1-t1" name="Création et vérifications d’un ticket sur ServiceNow" line="8">
<kw name="Se connecter à ServiceNow" owner="servicenow_keywords">
<kw name="Wait Until Element Is Visible" owner="SeleniumLibrary">
<arg>id=user_name</arg>
<arg>timeout=15s</arg>
<doc>Waits until the element ``locator`` is visible.</doc>
<status status="PASS" start="2025-05-02T16:54:09.028435" elapsed="0.049048"/>
</kw>
<kw name="Input Text" owner="SeleniumLibrary">
<msg time="2025-05-02T16:54:09.078538" level="INFO">Typing text 'altst004' into text field 'id=user_name'.</msg>
<arg>id=user_name</arg>
<arg>${SNOW_USERNAME}</arg>
<doc>Types the given ``text`` into the text field identified by ``locator``.</doc>
<status status="PASS" start="2025-05-02T16:54:09.077483" elapsed="0.140028"/>
</kw>
<kw name="Input Text" owner="SeleniumLibrary">
<msg time="2025-05-02T16:54:09.218558" level="INFO">Typing text 'Automatisation@2023' into text field 'id=user_password'.</msg>
<arg>id=user_password</arg>
<arg>${SNOW_PASSWORD}</arg>
<doc>Types the given ``text`` into the text field identified by ``locator``.</doc>
<status status="PASS" start="2025-05-02T16:54:09.218558" elapsed="0.126874"/>
</kw>
<kw name="Click Button" owner="SeleniumLibrary">
<msg time="2025-05-02T16:54:09.346444" level="INFO">Clicking button 'id=sysverb_login'.</msg>
<arg>id=sysverb_login</arg>
<doc>Clicks the button identified by ``locator``.</doc>
<status status="PASS" start="2025-05-02T16:54:09.345432" elapsed="4.720192"/>
</kw>
<status status="PASS" start="2025-05-02T16:54:09.028435" elapsed="5.037189"/>
</kw>
<kw name="Sleep" owner="BuiltIn">
<msg time="2025-05-02T16:54:34.067294" level="INFO">Slept 20 seconds.</msg>
<arg>time_=20</arg>
<doc>Pauses the test executed for the given time.</doc>
<status status="PASS" start="2025-05-02T16:54:14.066623" elapsed="20.000671"/>
</kw>
<kw name="Cliquer Sur Bouton All" owner="shadow">
<msg time="2025-05-02T16:54:34.163299" level="INFO">[1/30] Tentative de clic sur le bouton 'All'...
Clic sur le bouton 'All' réussi.</msg>
<status status="PASS" start="2025-05-02T16:54:34.068293" elapsed="0.095006"/>
</kw>
<kw name="Sleep" owner="BuiltIn">
<msg time="2025-05-02T16:55:04.166134" level="INFO">Slept 30 seconds.</msg>
<arg>time_=30</arg>
<doc>Pauses the test executed for the given time.</doc>
<status status="PASS" start="2025-05-02T16:54:34.164298" elapsed="30.001836"/>
</kw>
<kw name="Rechercher Et Selectionner Creer Iu" owner="shadow">
<msg time="2025-05-02T16:55:04.670809" level="INFO">[1/30] Tentative d’accès à la barre de recherche contextuelle...
Texte 'Créer IU' saisi dans la barre contextuelle.
[1/30] Tentative de clic sur le favori 'Créer IU'...
[2/30] Tentative de clic sur le favori 'Créer IU'...
Clic sur 'Créer IU' dans les favoris réussi.</msg>
<status status="PASS" start="2025-05-02T16:55:04.167128" elapsed="0.503681"/>
</kw>
<kw name="Sleep" owner="BuiltIn">
<msg time="2025-05-02T16:55:24.672304" level="INFO">Slept 20 seconds.</msg>
<arg>time_=20</arg>
<doc>Pauses the test executed for the given time.</doc>
<status status="PASS" start="2025-05-02T16:55:04.671808" elapsed="20.000496"/>
</kw>
<kw name="Remplir Champs Obligatoires Iu" owner="shadow">
<msg time="2025-05-02T16:55:38.162446" level="INFO">Attente du champ catégorie dans le DOM...
Attente du champ sous-catégorie dans le DOM...
Tous les champs obligatoires ont été remplis.</msg>
<status status="PASS" start="2025-05-02T16:55:24.673305" elapsed="13.489141"/>
</kw>
<kw name="Sleep" owner="BuiltIn">
<msg time="2025-05-02T16:55:58.163846" level="INFO">Slept 20 seconds.</msg>
<arg>time_=20</arg>
<doc>Pauses the test executed for the given time.</doc>
<status status="PASS" start="2025-05-02T16:55:38.163450" elapsed="20.000396"/>
</kw>
<doc>Simule la création d’un ticket LTT ServiceNow et vérifie l’ensemble des éléments requis.</doc>
<status status="PASS" start="2025-05-02T16:54:09.026578" elapsed="109.139272"/>
</test>
<status status="PASS" start="2025-05-02T16:54:05.005079" elapsed="113.163805"/>
</suite>
<statistics>
<total>
<stat pass="1" fail="0" skip="0">All Tests</stat>
</total>
<tag>
</tag>
<suite>
<stat name="Test Servicenow" id="s1" pass="1" fail="0" skip="0">Test Servicenow</stat>
</suite>
</statistics>
<errors>
<msg time="2025-05-02T16:54:06.204188" level="WARN">The chromedriver version (135.0.7049.95) detected in PATH at chromedriver.EXE might not be compatible with the detected chrome version (136.0.7103.48); currently, chromedriver 136.0.7103.49 is recommended for chrome 136.*, so it is advised to delete the driver in PATH and retry</msg>
</errors>
</robot>
